0 info it worked if it ends with ok
1 verbose cli [ '/Users/cmcleod/.nvm/versions/node/v6.4.0/bin/node',
1 verbose cli   '/Users/cmcleod/.nvm/versions/node/v6.4.0/bin/npm',
1 verbose cli   'run',
1 verbose cli   'pack:win' ]
2 info using npm@3.10.3
3 info using node@v6.4.0
4 verbose run-script [ 'prepack:win', 'pack:win', 'postpack:win' ]
5 info lifecycle SJCPDataTransferApp@1.0.0-a~prepack:win: SJCPDataTransferApp@1.0.0-a
6 silly lifecycle SJCPDataTransferApp@1.0.0-a~prepack:win: no script for prepack:win, continuing
7 info lifecycle SJCPDataTransferApp@1.0.0-a~pack:win: SJCPDataTransferApp@1.0.0-a
8 verbose lifecycle SJCPDataTransferApp@1.0.0-a~pack:win: unsafe-perm in lifecycle true
9 verbose lifecycle SJCPDataTransferApp@1.0.0-a~pack:win: PATH: /Users/cmcleod/.nvm/versions/node/v6.4.0/lib/node_modules/npm/bin/node-gyp-bin:/Users/cmcleod/Desktop/sjcloud-data-transfer-app/node_modules/.bin:/Users/cmcleod/.nvm/versions/node/v6.4.0/bin:~/anaconda/bin:~/anaconda/bin:/Users/cmcleod/.nvm/versions/node/v6.4.0/bin:/usr/local/bin:/Users/cmcleod/anaconda3/bin:/usr/local/bin:/usr/bin:/bin:/usr/sbin:/sbin:/opt/X11/bin:/usr/local/MacGPG2/bin:/Library/TeX/texbin
10 verbose lifecycle SJCPDataTransferApp@1.0.0-a~pack:win: CWD: /Users/cmcleod/Desktop/sjcloud-data-transfer-app
11 silly lifecycle SJCPDataTransferApp@1.0.0-a~pack:win: Args: [ '-c',
11 silly lifecycle   'electron-packager . \'SJCP Data Transfer\' --electron-version=1.6.15 --app-version=%npm_package_version% --out=dist --ignore=\'^/dist$\' --platform=win32 --arch=ia32 --version-string.CompanyName=\'St. Jude Childrens Research Hospital\' --app-copyright="Copyright (C) 2017 St. Jude Childrens Research Hospital" --version-string.FileDescription=\'SJCP Data Transfer\' --version-string.OriginalFilename=\'SJCP-Data-Transfer.exe\' --version-string.InternalName=\'SJCP Data Transfer\' --version-string.ProductName=\'SJCP Data Transfer\' --version-string.ProductVersion=%npm_package_version% --asar=true --icon=build/logo.ico --overwrite' ]
12 silly lifecycle SJCPDataTransferApp@1.0.0-a~pack:win: Returned: code: 1  signal: null
13 info lifecycle SJCPDataTransferApp@1.0.0-a~pack:win: Failed to exec pack:win script
14 verbose stack Error: SJCPDataTransferApp@1.0.0-a pack:win: `electron-packager . 'SJCP Data Transfer' --electron-version=1.6.15 --app-version=%npm_package_version% --out=dist --ignore='^/dist$' --platform=win32 --arch=ia32 --version-string.CompanyName='St. Jude Childrens Research Hospital' --app-copyright="Copyright (C) 2017 St. Jude Childrens Research Hospital" --version-string.FileDescription='SJCP Data Transfer' --version-string.OriginalFilename='SJCP-Data-Transfer.exe' --version-string.InternalName='SJCP Data Transfer' --version-string.ProductName='SJCP Data Transfer' --version-string.ProductVersion=%npm_package_version% --asar=true --icon=build/logo.ico --overwrite`
14 verbose stack Exit status 1
14 verbose stack     at EventEmitter.<anonymous> (/Users/cmcleod/.nvm/versions/node/v6.4.0/lib/node_modules/npm/lib/utils/lifecycle.js:242:16)
14 verbose stack     at emitTwo (events.js:106:13)
14 verbose stack     at EventEmitter.emit (events.js:191:7)
14 verbose stack     at ChildProcess.<anonymous> (/Users/cmcleod/.nvm/versions/node/v6.4.0/lib/node_modules/npm/lib/utils/spawn.js:40:14)
14 verbose stack     at emitTwo (events.js:106:13)
14 verbose stack     at ChildProcess.emit (events.js:191:7)
14 verbose stack     at maybeClose (internal/child_process.js:852:16)
14 verbose stack     at Process.ChildProcess._handle.onexit (internal/child_process.js:215:5)
15 verbose pkgid SJCPDataTransferApp@1.0.0-a
16 verbose cwd /Users/cmcleod/Desktop/sjcloud-data-transfer-app
17 error Darwin 15.6.0
18 error argv "/Users/cmcleod/.nvm/versions/node/v6.4.0/bin/node" "/Users/cmcleod/.nvm/versions/node/v6.4.0/bin/npm" "run" "pack:win"
19 error node v6.4.0
20 error npm  v3.10.3
21 error code ELIFECYCLE
22 error SJCPDataTransferApp@1.0.0-a pack:win: `electron-packager . 'SJCP Data Transfer' --electron-version=1.6.15 --app-version=%npm_package_version% --out=dist --ignore='^/dist$' --platform=win32 --arch=ia32 --version-string.CompanyName='St. Jude Childrens Research Hospital' --app-copyright="Copyright (C) 2017 St. Jude Childrens Research Hospital" --version-string.FileDescription='SJCP Data Transfer' --version-string.OriginalFilename='SJCP-Data-Transfer.exe' --version-string.InternalName='SJCP Data Transfer' --version-string.ProductName='SJCP Data Transfer' --version-string.ProductVersion=%npm_package_version% --asar=true --icon=build/logo.ico --overwrite`
22 error Exit status 1
23 error Failed at the SJCPDataTransferApp@1.0.0-a pack:win script 'electron-packager . 'SJCP Data Transfer' --electron-version=1.6.15 --app-version=%npm_package_version% --out=dist --ignore='^/dist$' --platform=win32 --arch=ia32 --version-string.CompanyName='St. Jude Childrens Research Hospital' --app-copyright="Copyright (C) 2017 St. Jude Childrens Research Hospital" --version-string.FileDescription='SJCP Data Transfer' --version-string.OriginalFilename='SJCP-Data-Transfer.exe' --version-string.InternalName='SJCP Data Transfer' --version-string.ProductName='SJCP Data Transfer' --version-string.ProductVersion=%npm_package_version% --asar=true --icon=build/logo.ico --overwrite'.
23 error Make sure you have the latest version of node.js and npm installed.
23 error If you do, this is most likely a problem with the SJCPDataTransferApp package,
23 error not with npm itself.
23 error Tell the author that this fails on your system:
23 error     electron-packager . 'SJCP Data Transfer' --electron-version=1.6.15 --app-version=%npm_package_version% --out=dist --ignore='^/dist$' --platform=win32 --arch=ia32 --version-string.CompanyName='St. Jude Childrens Research Hospital' --app-copyright="Copyright (C) 2017 St. Jude Childrens Research Hospital" --version-string.FileDescription='SJCP Data Transfer' --version-string.OriginalFilename='SJCP-Data-Transfer.exe' --version-string.InternalName='SJCP Data Transfer' --version-string.ProductName='SJCP Data Transfer' --version-string.ProductVersion=%npm_package_version% --asar=true --icon=build/logo.ico --overwrite
23 error You can get information on how to open an issue for this project with:
23 error     npm bugs SJCPDataTransferApp
23 error Or if that isn't available, you can get their info via:
23 error     npm owner ls SJCPDataTransferApp
23 error There is likely additional logging output above.
24 verbose exit [ 1, true ]
